2025-03-23T09:59:12.377+05:30  INFO 33180 --- [cms] [main] com.cms.CmsApplication                   : Starting CmsApplication using Java 21.0.4 with PID 33180 (R:\CMS WorkSpace\CMS\Back End\target\classes started by DELL in R:\CMS WorkSpace\CMS\Back End)
2025-03-23T09:59:12.384+05:30 DEBUG 33180 --- [cms] [main] com.cms.CmsApplication                   : Running with Spring Boot v3.4.2, Spring v6.2.2
2025-03-23T09:59:12.386+05:30  INFO 33180 --- [cms] [main] com.cms.CmsApplication                   : The following 1 profile is active: "dev"
2025-03-23T09:59:13.753+05:30  INFO 33180 --- [cms] [main] .s.d.r.c.RepositoryConfigurationDelegate : Bootstrapping Spring Data JPA repositories in DEFAULT mode.
2025-03-23T09:59:13.898+05:30  INFO 33180 --- [cms] [main] .s.d.r.c.RepositoryConfigurationDelegate : Finished Spring Data repository scanning in 130 ms. Found 13 JPA repository interfaces.
2025-03-23T09:59:14.859+05:30  INFO 33180 --- [cms] [main] o.s.b.w.embedded.tomcat.TomcatWebServer  : Tomcat initialized with port 8080 (http)
2025-03-23T09:59:14.891+05:30  INFO 33180 --- [cms] [main] o.apache.catalina.core.StandardService   : Starting service [Tomcat]
2025-03-23T09:59:14.891+05:30  INFO 33180 --- [cms] [main] o.apache.catalina.core.StandardEngine    : Starting Servlet engine: [Apache Tomcat/10.1.34]
2025-03-23T09:59:14.982+05:30  INFO 33180 --- [cms] [main] o.a.c.c.C.[Tomcat].[localhost].[/]       : Initializing Spring embedded WebApplicationContext
2025-03-23T09:59:14.983+05:30  INFO 33180 --- [cms] [main] w.s.c.ServletWebServerApplicationContext : Root WebApplicationContext: initialization completed in 2508 ms
2025-03-23T09:59:15.211+05:30  INFO 33180 --- [cms] [main] o.hibernate.jpa.internal.util.LogHelper  : HHH000204: Processing PersistenceUnitInfo [name: default]
2025-03-23T09:59:15.313+05:30  INFO 33180 --- [cms] [main] org.hibernate.Version                    : HHH000412: Hibernate ORM core version 6.6.5.Final
2025-03-23T09:59:15.368+05:30  INFO 33180 --- [cms] [main] o.h.c.internal.RegionFactoryInitiator    : HHH000026: Second-level cache disabled
2025-03-23T09:59:15.864+05:30  INFO 33180 --- [cms] [main] o.s.o.j.p.SpringPersistenceUnitInfo      : No LoadTimeWeaver setup: ignoring JPA class transformer
2025-03-23T09:59:15.913+05:30  INFO 33180 --- [cms] [main] com.zaxxer.hikari.HikariDataSource       : HikariPool-1 - Starting...
2025-03-23T09:59:17.114+05:30  INFO 33180 --- [cms] [main] com.zaxxer.hikari.pool.HikariPool        : HikariPool-1 - Added connection com.mysql.cj.jdbc.ConnectionImpl@5e80d5
2025-03-23T09:59:17.117+05:30  INFO 33180 --- [cms] [main] com.zaxxer.hikari.HikariDataSource       : HikariPool-1 - Start completed.
2025-03-23T09:59:17.273+05:30  INFO 33180 --- [cms] [main] org.hibernate.orm.connections.pooling    : HHH10001005: Database info:
	Database JDBC URL [Connecting through datasource 'HikariDataSource (HikariPool-1)']
	Database driver: undefined/unknown
	Database version: 8.0.41
	Autocommit mode: undefined/unknown
	Isolation level: undefined/unknown
	Minimum pool size: undefined/unknown
	Maximum pool size: undefined/unknown
2025-03-23T09:59:19.201+05:30  INFO 33180 --- [cms] [main] o.h.e.t.j.p.i.JtaPlatformInitiator       : HHH000489: No JTA platform available (set 'hibernate.transaction.jta.platform' to enable JTA platform integration)
2025-03-23T09:59:20.812+05:30  INFO 33180 --- [cms] [main] j.LocalContainerEntityManagerFactoryBean : Initialized JPA EntityManagerFactory for persistence unit 'default'
2025-03-23T09:59:21.325+05:30 DEBUG 33180 --- [cms] [main] com.cms.filter.JwtAuthFilter             : Filter 'jwtAuthFilter' configured for use
2025-03-23T09:59:21.326+05:30  INFO 33180 --- [cms] [main] com.cms.configuration.SimpleCorsFilter   : SimpleCorsFilter initialized
2025-03-23T09:59:21.416+05:30  INFO 33180 --- [cms] [main] o.s.d.j.r.query.QueryEnhancerFactory     : Hibernate is in classpath; If applicable, HQL parser will be used.
2025-03-23T09:59:22.208+05:30  INFO 33180 --- [cms] [main] r$InitializeUserDetailsManagerConfigurer : Global AuthenticationManager configured with UserDetailsService bean with name userDetailsServiceImpl
2025-03-23T09:59:22.587+05:30  INFO 33180 --- [cms] [main] com.cms.service.admin.AdminServiceImpl   : Default admin user created with email: raj@gmail.com
2025-03-23T09:59:22.673+05:30  INFO 33180 --- [cms] [main] com.cms.service.EmailTokenService        : Initializing EmailTokenService
2025-03-23T09:59:22.674+05:30  INFO 33180 --- [cms] [main] com.cms.service.EmailTokenService        : EmailTokenService initialized with secret length: 64, expiration: 86400000 ms
2025-03-23T09:59:23.487+05:30  WARN 33180 --- [cms] [main] JpaBaseConfiguration$JpaWebConfiguration : spring.jpa.open-in-view is enabled by default. Therefore, database queries may be performed during view rendering. Explicitly configure spring.jpa.open-in-view to disable this warning
2025-03-23T09:59:24.268+05:30  WARN 33180 --- [cms] [main] ion$DefaultTemplateResolverConfiguration : Cannot find template location: classpath:/templates/ (please add some templates, check your Thymeleaf configuration, or set spring.thymeleaf.check-template-location=false)
2025-03-23T09:59:24.507+05:30  INFO 33180 --- [cms] [main] o.s.b.w.embedded.tomcat.TomcatWebServer  : Tomcat started on port 8080 (http) with context path '/'
2025-03-23T09:59:24.519+05:30  INFO 33180 --- [cms] [main] com.cms.CmsApplication                   : Started CmsApplication in 12.929 seconds (process running for 14.4)
2025-03-23T09:59:50.587+05:30  INFO 33180 --- [cms] [RMI TCP Connection(10)-127.0.0.1] inMXBeanRegistrar$SpringApplicationAdmin : Application shutdown requested.
2025-03-23T09:59:50.593+05:30  INFO 33180 --- [cms] [RMI TCP Connection(10)-127.0.0.1] o.s.b.w.e.tomcat.GracefulShutdown        : Commencing graceful shutdown. Waiting for active requests to complete
2025-03-23T09:59:50.604+05:30  INFO 33180 --- [cms] [tomcat-shutdown] o.s.b.w.e.tomcat.GracefulShutdown        : Graceful shutdown complete
2025-03-23T09:59:50.613+05:30  INFO 33180 --- [cms] [RMI TCP Connection(10)-127.0.0.1] j.LocalContainerEntityManagerFactoryBean : Closing JPA EntityManagerFactory for persistence unit 'default'
2025-03-23T09:59:50.616+05:30  INFO 33180 --- [cms] [RMI TCP Connection(10)-127.0.0.1] com.zaxxer.hikari.HikariDataSource       : HikariPool-1 - Shutdown initiated...
2025-03-23T09:59:50.626+05:30  INFO 33180 --- [cms] [RMI TCP Connection(10)-127.0.0.1] com.zaxxer.hikari.HikariDataSource       : HikariPool-1 - Shutdown completed.
2025-03-23T09:59:50.629+05:30  INFO 33180 --- [cms] [RMI TCP Connection(10)-127.0.0.1] com.cms.configuration.SimpleCorsFilter   : SimpleCorsFilter destroyed
2025-03-23T09:59:54.734+05:30  INFO 27068 --- [cms] [main] com.cms.CmsApplication                   : Starting CmsApplication using Java 21.0.4 with PID 27068 (R:\CMS WorkSpace\CMS\Back End\target\classes started by DELL in R:\CMS WorkSpace\CMS\Back End)
2025-03-23T09:59:54.737+05:30 DEBUG 27068 --- [cms] [main] com.cms.CmsApplication                   : Running with Spring Boot v3.4.2, Spring v6.2.2
2025-03-23T09:59:54.738+05:30  INFO 27068 --- [cms] [main] com.cms.CmsApplication                   : The following 1 profile is active: "dev"
2025-03-23T09:59:55.839+05:30  INFO 27068 --- [cms] [main] .s.d.r.c.RepositoryConfigurationDelegate : Bootstrapping Spring Data JPA repositories in DEFAULT mode.
2025-03-23T09:59:55.982+05:30  INFO 27068 --- [cms] [main] .s.d.r.c.RepositoryConfigurationDelegate : Finished Spring Data repository scanning in 128 ms. Found 13 JPA repository interfaces.
2025-03-23T09:59:56.852+05:30  INFO 27068 --- [cms] [main] o.s.b.w.embedded.tomcat.TomcatWebServer  : Tomcat initialized with port 8080 (http)
2025-03-23T09:59:56.871+05:30  INFO 27068 --- [cms] [main] o.apache.catalina.core.StandardService   : Starting service [Tomcat]
2025-03-23T09:59:56.872+05:30  INFO 27068 --- [cms] [main] o.apache.catalina.core.StandardEngine    : Starting Servlet engine: [Apache Tomcat/10.1.34]
2025-03-23T09:59:56.963+05:30  INFO 27068 --- [cms] [main] o.a.c.c.C.[Tomcat].[localhost].[/]       : Initializing Spring embedded WebApplicationContext
2025-03-23T09:59:56.965+05:30  INFO 27068 --- [cms] [main] w.s.c.ServletWebServerApplicationContext : Root WebApplicationContext: initialization completed in 2159 ms
2025-03-23T09:59:57.222+05:30  INFO 27068 --- [cms] [main] o.hibernate.jpa.internal.util.LogHelper  : HHH000204: Processing PersistenceUnitInfo [name: default]
2025-03-23T09:59:57.307+05:30  INFO 27068 --- [cms] [main] org.hibernate.Version                    : HHH000412: Hibernate ORM core version 6.6.5.Final
2025-03-23T09:59:57.359+05:30  INFO 27068 --- [cms] [main] o.h.c.internal.RegionFactoryInitiator    : HHH000026: Second-level cache disabled
2025-03-23T09:59:57.743+05:30  INFO 27068 --- [cms] [main] o.s.o.j.p.SpringPersistenceUnitInfo      : No LoadTimeWeaver setup: ignoring JPA class transformer
2025-03-23T09:59:57.785+05:30  INFO 27068 --- [cms] [main] com.zaxxer.hikari.HikariDataSource       : HikariPool-1 - Starting...
2025-03-23T09:59:58.862+05:30  INFO 27068 --- [cms] [main] com.zaxxer.hikari.pool.HikariPool        : HikariPool-1 - Added connection com.mysql.cj.jdbc.ConnectionImpl@54b2d002
2025-03-23T09:59:58.867+05:30  INFO 27068 --- [cms] [main] com.zaxxer.hikari.HikariDataSource       : HikariPool-1 - Start completed.
2025-03-23T09:59:58.978+05:30  INFO 27068 --- [cms] [main] org.hibernate.orm.connections.pooling    : HHH10001005: Database info:
	Database JDBC URL [Connecting through datasource 'HikariDataSource (HikariPool-1)']
	Database driver: undefined/unknown
	Database version: 8.0.41
	Autocommit mode: undefined/unknown
	Isolation level: undefined/unknown
	Minimum pool size: undefined/unknown
	Maximum pool size: undefined/unknown
2025-03-23T10:00:00.683+05:30  INFO 27068 --- [cms] [main] o.h.e.t.j.p.i.JtaPlatformInitiator       : HHH000489: No JTA platform available (set 'hibernate.transaction.jta.platform' to enable JTA platform integration)
2025-03-23T10:00:03.145+05:30  INFO 27068 --- [cms] [main] j.LocalContainerEntityManagerFactoryBean : Initialized JPA EntityManagerFactory for persistence unit 'default'
2025-03-23T10:00:03.976+05:30 DEBUG 27068 --- [cms] [main] com.cms.filter.JwtAuthFilter             : Filter 'jwtAuthFilter' configured for use
2025-03-23T10:00:03.977+05:30  INFO 27068 --- [cms] [main] com.cms.configuration.SimpleCorsFilter   : SimpleCorsFilter initialized
2025-03-23T10:00:04.063+05:30  INFO 27068 --- [cms] [main] o.s.d.j.r.query.QueryEnhancerFactory     : Hibernate is in classpath; If applicable, HQL parser will be used.
2025-03-23T10:00:05.083+05:30  INFO 27068 --- [cms] [main] r$InitializeUserDetailsManagerConfigurer : Global AuthenticationManager configured with UserDetailsService bean with name userDetailsServiceImpl
2025-03-23T10:00:05.605+05:30  INFO 27068 --- [cms] [main] com.cms.service.admin.AdminServiceImpl   : Default admin user created with email: raj@gmail.com
2025-03-23T10:00:05.718+05:30  INFO 27068 --- [cms] [main] com.cms.service.EmailTokenService        : Initializing EmailTokenService
2025-03-23T10:00:05.718+05:30  INFO 27068 --- [cms] [main] com.cms.service.EmailTokenService        : EmailTokenService initialized with secret length: 64, expiration: 86400000 ms
2025-03-23T10:00:06.666+05:30  WARN 27068 --- [cms] [main] JpaBaseConfiguration$JpaWebConfiguration : spring.jpa.open-in-view is enabled by default. Therefore, database queries may be performed during view rendering. Explicitly configure spring.jpa.open-in-view to disable this warning
2025-03-23T10:00:07.579+05:30  WARN 27068 --- [cms] [main] ion$DefaultTemplateResolverConfiguration : Cannot find template location: classpath:/templates/ (please add some templates, check your Thymeleaf configuration, or set spring.thymeleaf.check-template-location=false)
2025-03-23T10:00:07.848+05:30  INFO 27068 --- [cms] [main] o.s.b.w.embedded.tomcat.TomcatWebServer  : Tomcat started on port 8080 (http) with context path '/'
2025-03-23T10:00:07.865+05:30  INFO 27068 --- [cms] [main] com.cms.CmsApplication                   : Started CmsApplication in 13.759 seconds (process running for 14.954)
2025-03-23T10:02:00.757+05:30  INFO 27068 --- [cms] [RMI TCP Connection(8)-127.0.0.1] inMXBeanRegistrar$SpringApplicationAdmin : Application shutdown requested.
2025-03-23T10:02:00.762+05:30  INFO 27068 --- [cms] [RMI TCP Connection(8)-127.0.0.1] o.s.b.w.e.tomcat.GracefulShutdown        : Commencing graceful shutdown. Waiting for active requests to complete
2025-03-23T10:02:00.771+05:30  INFO 27068 --- [cms] [tomcat-shutdown] o.s.b.w.e.tomcat.GracefulShutdown        : Graceful shutdown complete
2025-03-23T10:02:00.780+05:30  INFO 27068 --- [cms] [RMI TCP Connection(8)-127.0.0.1] j.LocalContainerEntityManagerFactoryBean : Closing JPA EntityManagerFactory for persistence unit 'default'
2025-03-23T10:02:00.783+05:30  INFO 27068 --- [cms] [RMI TCP Connection(8)-127.0.0.1] com.zaxxer.hikari.HikariDataSource       : HikariPool-1 - Shutdown initiated...
2025-03-23T10:02:00.793+05:30  INFO 27068 --- [cms] [RMI TCP Connection(8)-127.0.0.1] com.zaxxer.hikari.HikariDataSource       : HikariPool-1 - Shutdown completed.
2025-03-23T10:02:00.796+05:30  INFO 27068 --- [cms] [RMI TCP Connection(8)-127.0.0.1] com.cms.configuration.SimpleCorsFilter   : SimpleCorsFilter destroyed
